<?xml version="1.0" encoding="UTF-8"?>
<!-- Generated by org.testng.reporters.JUnitXMLReporter -->
<testsuite hostname="HAWKEYE" ignored="0" name="Test" tests="1" failures="1" timestamp="08 Jun 2021 11:44:54 GMT" time="9.454" errors="0">
  <testcase name="SampleTest" time="3.92" classname="Package.AppTest">
    <failure type="java.lang.AssertionError" message="expected [false] but found [true]">
      <![CDATA[java.lang.AssertionError: expected [false] but found [true]
at Package.AppTest.SampleTest(AppTest.java:42)
... Removed 33 stack frames]]>
    </failure>
  </testcase> <!-- SampleTest -->
</testsuite> <!-- Test -->
