-------------------------------------------------------------------------------
Test set: TestSuite
-------------------------------------------------------------------------------
Tests run: 1, Failures: 1, Errors: 0, Skipped: 0, Time elapsed: 11.396 s <<< FAILURE! - in TestSuite
Package.AppTest.SampleTest  Time elapsed: 3.834 s  <<< FAILURE!
java.lang.AssertionError: expected [false] but found [true]
	at Package.AppTest.SampleTest(AppTest.java:42)

